<?xml version="1.0" encoding="UTF-8"?>
<!-- Generated by org.testng.reporters.JUnitReportReporter -->
<testsuite hostname="DESKTOP-8HHF8GK" failures="0" tests="2" name="pro1.TestCase" time="7.961" errors="0" timestamp="2023-07-26T16:30:49 IST" skipped="0">
  <testcase classname="pro1.TestCase" name="VerifyLandingPage" time="1.610"/>
  <testcase classname="pro1.TestCase" name="LoginErrormsgTest" time="6.351"/>
</testsuite> <!-- pro1.TestCase -->
